<?xml version="1.0" encoding="UTF-8"?>
<testsuite xmlns:xsi="http://www.w3.org/2001/XMLSchema-instance" xsi:noNamespaceSchemaLocation="https://maven.apache.org/surefire/maven-surefire-plugin/xsd/surefire-test-report.xsd" name="com.manomano.runners.CukesRunner" time="70.301" tests="3" errors="0" skipped="0" failures="1">
  <properties>
[...]
</properties>
  <testcase name="Numbers of products check" classname="Products Numbers at search" time="26.435">
    <failure message="expected:&lt;[5] products found&gt; but was:&lt;[4] products found&gt;" type="org.junit.ComparisonFailure"><![CDATA[org.junit.ComparisonFailure: expected:<[5] products found> but was:<[4] products found>
]]></failure>
    <system-out><![CDATA[priProNum = 4 products found
secProNum = 5 products found
]]></system-out>
    <system-err><![CDATA[May 23, 2021 11:36:44 PM io.cucumber.junit.Cucumber <init>
WARNING: By default Cucumber is running in --non-strict mode.
This default will change to --strict and --non-strict will be removed.
You can use --strict or @CucumberOptions(strict = true) to suppress this warning
SLF4J: Failed to load class "org.slf4j.impl.StaticLoggerBinder".
SLF4J: Defaulting to no-operation (NOP) logger implementation
SLF4J: See http://www.slf4j.org/codes.html#StaticLoggerBinder for further details.
Starting MSEdgeDriver 90.0.818.66 (5f913625aa6fc53d48c21e7d1fd16b222d2f2aeb) on port 5936
Only local connections are allowed.
Please see https://chromedriver.chromium.org/security-considerations for suggestions on keeping MSEdgeDriver safe.
MSEdgeDriver was started successfully.
May 23, 2021 11:36:50 PM org.openqa.selenium.remote.ProtocolHandshake createSession
INFO: Detected dialect: W3C
]]></system-err>
  </testcase>
  <testcase name="check search functionality for non registered user" classname="Search Function" time="25.466"/>
  <testcase name="check estimation area" classname="Search Estimation Funcionality" time="17.14"/>
</testsuite>